0 verbose cli /usr/local/bin/node /usr/local/bin/npm
1 info using npm@9.2.0
2 info using node@v16.19.0
3 timing npm:load:whichnode Completed in 0ms
4 timing config:load:defaults Completed in 1ms
5 timing config:load:file:/usr/local/lib/node_modules/npm/npmrc Completed in 0ms
6 timing config:load:builtin Completed in 0ms
7 timing config:load:cli Completed in 2ms
8 timing config:load:env Completed in 0ms
9 timing config:load:project Completed in 1ms
10 timing config:load:file:/home/container/.npmrc Completed in 0ms
11 timing config:load:user Completed in 0ms
12 timing config:load:file:/usr/local/etc/npmrc Completed in 0ms
13 timing config:load:global Completed in 0ms
14 timing config:load:setEnvs Completed in 1ms
15 timing config:load Completed in 5ms
16 timing npm:load:configload Completed in 6ms
17 timing npm:load:mkdirpcache Completed in 0ms
18 timing npm:load:mkdirplogs Completed in 0ms
19 verbose title npm install
20 verbose argv "install"
21 timing npm:load:setTitle Completed in 1ms
22 timing config:load:flatten Completed in 2ms
23 timing npm:load:display Completed in 3ms
24 verbose logfile logs-max:10 dir:/home/container/.npm/_logs/2022-12-28T11_39_08_989Z-
25 verbose logfile /home/container/.npm/_logs/2022-12-28T11_39_08_989Z-debug-0.log
26 timing npm:load:logFile Completed in 4ms
27 timing npm:load:timers Completed in 0ms
28 timing npm:load:configScope Completed in 0ms
29 timing npm:load Completed in 14ms
30 silly logfile start cleaning logs, removing 1 files
31 timing config:load:flatten Completed in 0ms
32 timing arborist:ctor Completed in 1ms
33 silly logfile done cleaning log files
34 timing idealTree:init Completed in 216ms
35 timing idealTree:userRequests Completed in 1ms
36 silly idealTree buildDeps
37 timing idealTree:#root Completed in 0ms
38 timing idealTree:buildDeps Completed in 1ms
39 timing idealTree:fixDepFlags Completed in 0ms
40 timing idealTree Completed in 220ms
41 timing arborist:ctor Completed in 0ms
42 timing reify:loadTrees Completed in 398ms
43 timing reify:diffTrees Completed in 5ms
44 silly reify moves {}
45 timing reify:retireShallow Completed in 1ms
46 timing reify:createSparse Completed in 1ms
47 timing reify:loadBundles Completed in 0ms
48 silly audit bulk request {
48 silly audit   '@discordjs/collection': [ '0.1.6' ],
48 silly audit   '@discordjs/form-data': [ '3.0.1' ],
48 silly audit   '@sindresorhus/is': [ '4.2.0' ],
48 silly audit   '@szmarczak/http-timer': [ '4.0.6' ],
48 silly audit   '@types/cacheable-request': [ '6.0.2' ],
48 silly audit   '@types/http-cache-semantics': [ '4.0.1' ],
48 silly audit   '@types/keyv': [ '3.1.3' ],
48 silly audit   '@types/node': [ '16.9.6' ],
48 silly audit   '@types/responselike': [ '1.0.0' ],
48 silly audit   abbrev: [ '1.1.1' ],
48 silly audit   'abort-controller': [ '3.0.0' ],
48 silly audit   amdefine: [ '1.0.1' ],
48 silly audit   'ansi-regex': [ '2.1.1' ],
48 silly audit   'any-promise': [ '1.3.0' ],
48 silly audit   aproba: [ '1.2.0' ],
48 silly audit   'are-we-there-yet': [ '1.1.7' ],
48 silly audit   asynckit: [ '0.4.0' ],
48 silly audit   axios: [ '0.21.4' ],
48 silly audit   'balanced-match': [ '1.0.2' ],
48 silly audit   barse: [ '0.4.3' ],
48 silly audit   isarray: [ '0.0.1', '1.0.0' ],
48 silly audit   'readable-stream': [ '1.0.34', '2.3.7' ],
48 silly audit   string_decoder: [ '0.10.31', '1.1.1' ],
48 silly audit   'bignumber.js': [ '9.0.0' ],
48 silly audit   boolbase: [ '1.0.0' ],
48 silly audit   'brace-expansion': [ '1.1.11' ],
48 silly audit   'cacheable-lookup': [ '5.0.4' ],
48 silly audit   'cacheable-request': [ '7.0.2' ],
48 silly audit   cheerio: [ '1.0.0-rc.10' ],
48 silly audit   'cheerio-select': [ '1.5.0' ],
48 silly audit   chownr: [ '1.1.4' ],
48 silly audit   'clone-response': [ '1.0.2' ],
48 silly audit   'code-point-at': [ '1.1.0' ],
48 silly audit   'combined-stream': [ '1.0.8' ],
48 silly audit   commander: [ '2.8.1' ],
48 silly audit   compressjs: [ '1.0.3' ],
48 silly audit   'concat-map': [ '0.0.1' ],
48 silly audit   'console-control-strings': [ '1.1.0' ],
48 silly audit   'core-util-is': [ '1.0.3' ],
48 silly audit   'css-select': [ '4.1.3' ],
48 silly audit   'css-what': [ '5.0.1' ],
48 silly audit   debug: [ '3.2.7' ],
48 silly audit   'decompress-response': [ '6.0.0' ],
48 silly audit   'mimic-response': [ '3.1.0', '1.0.1' ],
48 silly audit   'deep-extend': [ '0.6.0' ],
48 silly audit   'defer-to-connect': [ '2.0.1' ],
48 silly audit   'delayed-stream': [ '1.0.0' ],
48 silly audit   delegates: [ '1.0.0' ],
48 silly audit   'detect-libc': [ '1.0.3' ],
48 silly audit   'discord-badges': [ '0.0.0' ],
48 silly audit   'discord-slash-commands-client': [ '1.2.2' ],
48 silly audit   'discord.js': [ '12.5.3' ],
48 silly audit   'dom-serializer': [ '1.3.2' ],
48 silly audit   domelementtype: [ '2.2.0' ],
48 silly audit   domhandler: [ '4.2.2' ],
48 silly audit   domutils: [ '2.8.0' ],
48 silly audit   dotenv: [ '10.0.0' ],
48 silly audit   'end-of-stream': [ '1.4.4' ],
48 silly audit   entities: [ '2.2.0' ],
48 silly audit   'event-target-shim': [ '5.0.1' ],
48 silly audit   'event-to-promise': [ '0.7.0' ],
48 silly audit   'follow-redirects': [ '1.15.2' ],
48 silly audit   fs: [ '0.0.1-security' ],
48 silly audit   'fs-minipass': [ '1.2.7' ],
48 silly audit   'fs.realpath': [ '1.0.0' ],
48 silly audit   gamedig: [ '3.0.7' ],
48 silly audit   'iconv-lite': [ '0.6.3', '0.4.24' ],
48 silly audit   gauge: [ '2.7.4' ],
48 silly audit   gbxremote: [ '0.2.1' ],
48 silly audit   'get-stream': [ '5.2.0' ],
48 silly audit   glob: [ '7.1.7' ],
48 silly audit   got: [ '11.8.5' ],
48 silly audit   'graceful-readlink': [ '1.0.1' ],
48 silly audit   'has-unicode': [ '2.0.1' ],
48 silly audit   htmlparser2: [ '6.1.0' ],
48 silly audit   'http-cache-semantics': [ '4.1.0' ],
48 silly audit   'http2-wrapper': [ '1.0.3' ],
48 silly audit   'ignore-walk': [ '3.0.4' ],
48 silly audit   inflight: [ '1.0.6' ],
48 silly audit   inherits: [ '2.0.4' ],
48 silly audit   ini: [ '1.3.8' ],
48 silly audit   'is-fullwidth-code-point': [ '1.0.0' ],
48 silly audit   'json-buffer': [ '3.0.1' ],
48 silly audit   keyv: [ '4.0.3' ],
48 silly audit   long: [ '4.0.0' ],
48 silly audit   'lowercase-keys': [ '2.0.0' ],
48 silly audit   'mime-db': [ '1.49.0' ],
48 silly audit   'mime-types': [ '2.1.32' ],
48 silly audit   minimatch: [ '3.1.2' ],
48 silly audit   minimist: [ '1.2.7' ],
48 silly audit   minipass: [ '2.9.0' ],
48 silly audit   minizlib: [ '1.3.3' ],
48 silly audit   mkdirp: [ '0.5.5' ],
48 silly audit   moment: [ '2.29.4' ],
48 silly audit   ms: [ '2.1.3' ],
48 silly audit   mysql: [ '2.18.1' ],
48 silly audit   needle: [ '2.9.1' ],
48 silly audit   'node-addon-api': [ '4.1.0' ],
48 silly audit   'node-fetch': [ '2.6.7' ],
48 silly audit   'node-pre-gyp': [ '0.17.0' ],
48 silly audit   nopt: [ '4.0.3' ],
48 silly audit   'normalize-url': [ '6.1.0' ],
48 silly audit   'npm-bundled': [ '1.1.2' ],
48 silly audit   'npm-normalize-package-bin': [ '1.0.1' ],
48 silly audit   'npm-packlist': [ '1.4.8' ],
48 silly audit   npmlog: [ '4.1.2' ],
48 silly audit   'nth-check': [ '2.0.1' ],
48 silly audit   'number-is-nan': [ '1.0.1' ],
48 silly audit   'object-assign': [ '4.1.1' ],
48 silly audit   once: [ '1.4.0' ],
48 silly audit   'os-homedir': [ '1.0.2' ],
48 silly audit   'os-tmpdir': [ '1.0.2' ],
48 silly audit   osenv: [ '0.1.5' ],
48 silly audit   'p-cancelable': [ '2.1.1' ],
48 silly audit   parse5: [ '6.0.1' ],
48 silly audit   'parse5-htmlparser2-tree-adapter': [ '6.0.1' ],
48 silly audit   'path-is-absolute': [ '1.0.1' ],
48 silly audit   'prism-media': [ '1.3.2' ],
48 silly audit   'process-nextick-args': [ '2.0.1' ],
48 silly audit   pump: [ '3.0.0' ],
48 silly audit   punycode: [ '2.1.1' ],
48 silly audit   'quick-lru': [ '5.1.1' ],
48 silly audit   rc: [ '1.2.8' ],
48 silly audit   'resolve-alpn': [ '1.2.1' ],
48 silly audit   responselike: [ '2.0.0' ],
48 silly audit   rimraf: [ '2.7.1' ],
48 silly audit   'safe-buffer': [ '5.1.2', '5.2.1' ],
48 silly audit   'safer-buffer': [ '2.1.2' ],
48 silly audit   sax: [ '1.2.4' ],
48 silly audit   semver: [ '5.7.1' ],
48 silly audit   'set-blocking': [ '2.0.0' ],
48 silly audit   setimmediate: [ '1.0.5' ],
48 silly audit   'signal-exit': [ '3.0.3' ],
48 silly audit   sqlstring: [ '2.3.1' ],
48 silly audit   'string-to-stream': [ '1.1.1' ],
48 silly audit   'string-width': [ '1.0.2' ],
48 silly audit   'strip-ansi': [ '3.0.1' ],
48 silly audit   'strip-json-comments': [ '2.0.1' ],
48 silly audit   tar: [ '4.4.19' ],
48 silly audit   tr46: [ '0.0.3' ],
48 silly audit   tslib: [ '2.3.1' ],
48 silly audit   tweetnacl: [ '1.0.3' ],
48 silly audit   'util-deprecate': [ '1.0.2' ],
48 silly audit   varint: [ '5.0.2' ],
48 silly audit   'webidl-conversions': [ '3.0.1' ],
48 silly audit   'whatwg-url': [ '5.0.0' ],
48 silly audit   'wide-align': [ '1.1.3' ],
48 silly audit   wrappy: [ '1.0.2' ],
48 silly audit   ws: [ '7.5.5' ],
48 silly audit   xmlbuilder: [ '8.2.2' ],
48 silly audit   xmlrpc: [ '1.3.2' ],
48 silly audit   yallist: [ '3.1.1' ]
48 silly audit }
49 timing reify:unpack Completed in 3ms
50 timing reify:unretire Completed in 0ms
51 timing build:queue Completed in 0ms
52 timing build:deps Completed in 1ms
53 timing build Completed in 1ms
54 timing reify:build Completed in 1ms
55 timing reify:trash Completed in 0ms
56 timing reify:save Completed in 87ms
57 http fetch POST 200 https://registry.npmjs.org/-/npm/v1/security/advisories/bulk 347ms
58 timing auditReport:getReport Completed in 351ms
59 silly audit report {}
60 timing auditReport:init Completed in 0ms
61 timing reify:audit Completed in 352ms
62 timing reify Completed in 759ms
63 timing command:install Completed in 767ms
64 verbose exit 0
65 timing npm Completed in 850ms
66 info ok
